SUPPLY_CHECKS
{"name":"HQ source","key":"5,5","supplied":true}
{"name":"Road near source","key":"7,5","supplied":false}
{"name":"Road tail before gap","key":"9,5","supplied":false}
{"name":"Gap hex","key":"10,5","supplied":false}
{"name":"Road after gap","key":"11,5","supplied":false}
AI_AUDIT seed=101
{"round":2,"actions":{"move":5,"digin":1,"attack":1,"build":2,"recruit":2},"roads":1,"econ":0,"military":1,"units":5,"unsup":0,"res":{"iron":8,"oil":3,"wood":0,"food":6,"comp":0}}
{"round":4,"actions":{"attack":1,"move":5,"digin":1,"design":1,"recruit":2},"roads":1,"econ":0,"military":1,"units":7,"unsup":0,"res":{"iron":9,"oil":2,"wood":0,"food":4,"comp":0}}
{"round":6,"actions":{"attack":1,"move":7,"recruit":3},"roads":1,"econ":0,"military":1,"units":9,"unsup":0,"res":{"iron":19,"oil":2,"wood":0,"food":1,"comp":0}}
{"round":8,"actions":{"attack":3,"move":8,"digin":1,"recruit":1},"roads":1,"econ":0,"military":1,"units":12,"unsup":0,"res":{"iron":34,"oil":1,"wood":0,"food":0,"comp":0}}
{"round":10,"actions":{"attack":6,"move":9},"roads":1,"econ":0,"military":1,"units":13,"unsup":0,"res":{"iron":52,"oil":1,"wood":0,"food":0,"comp":0}}
{"round":12,"actions":{"move":9,"attack":1,"design":1},"roads":1,"econ":0,"military":1,"units":13,"unsup":0,"res":{"iron":66,"oil":1,"wood":0,"food":0,"comp":0}}
{"round":14,"actions":{"move":9,"attack":1},"roads":1,"econ":0,"military":1,"units":13,"unsup":0,"res":{"iron":84,"oil":1,"wood":0,"food":0,"comp":0}}
{"round":16,"actions":{"move":9,"attack":1},"roads":1,"econ":0,"military":1,"units":12,"unsup":0,"res":{"iron":102,"oil":1,"wood":0,"food":0,"comp":0}}
{"round":18,"actions":{"move":8,"digin":1},"roads":1,"econ":0,"military":1,"units":12,"unsup":0,"res":{"iron":120,"oil":1,"wood":0,"food":0,"comp":0}}
{"round":20,"actions":{"move":8,"digin":1},"roads":1,"econ":0,"military":1,"units":12,"unsup":0,"res":{"iron":138,"oil":1,"wood":0,"food":0,"comp":0}}
AI_AUDIT seed=202
{"round":2,"actions":{"move":5,"attack":1,"build":2,"recruit":2},"roads":1,"econ":0,"military":1,"units":5,"unsup":0,"res":{"iron":8,"oil":3,"wood":0,"food":6,"comp":0}}
{"round":4,"actions":{"attack":1,"move":5,"recruit":2},"roads":1,"econ":0,"military":1,"units":7,"unsup":0,"res":{"iron":15,"oil":2,"wood":0,"food":4,"comp":0}}
{"round":6,"actions":{"attack":3,"move":7,"recruit":3},"roads":1,"econ":0,"military":1,"units":8,"unsup":0,"res":{"iron":25,"oil":2,"wood":0,"food":1,"comp":0}}
{"round":8,"actions":{"attack":4,"move":7,"digin":2,"recruit":1},"roads":1,"econ":0,"military":1,"units":11,"unsup":0,"res":{"iron":40,"oil":1,"wood":0,"food":0,"comp":0}}
{"round":10,"actions":{"attack":2,"move":8,"design":1},"roads":1,"econ":0,"military":1,"units":12,"unsup":0,"res":{"iron":53,"oil":1,"wood":0,"food":0,"comp":0}}
{"round":12,"actions":{"attack":1,"move":8,"digin":1},"roads":1,"econ":0,"military":1,"units":12,"unsup":0,"res":{"iron":71,"oil":1,"wood":0,"food":0,"comp":0}}
{"round":14,"actions":{"move":8,"attack":1,"design":1},"roads":1,"econ":0,"military":1,"units":12,"unsup":0,"res":{"iron":85,"oil":1,"wood":0,"food":0,"comp":0}}
{"round":16,"actions":{"attack":1,"move":8},"roads":1,"econ":0,"military":1,"units":12,"unsup":0,"res":{"iron":103,"oil":1,"wood":0,"food":0,"comp":0}}
{"round":18,"actions":{"move":8,"attack":1},"roads":1,"econ":0,"military":1,"units":12,"unsup":0,"res":{"iron":121,"oil":1,"wood":0,"food":0,"comp":0}}
{"round":20,"actions":{"attack":1,"move":8,"digin":1},"roads":1,"econ":0,"military":1,"units":11,"unsup":0,"res":{"iron":139,"oil":1,"wood":0,"food":0,"comp":0}}
AI_AUDIT seed=303
{"round":2,"actions":{"move":5,"digin":1,"attack":1,"build":2,"recruit":2},"roads":1,"econ":0,"military":1,"units":5,"unsup":0,"res":{"iron":8,"oil":3,"wood":0,"food":6,"comp":0}}
{"round":4,"actions":{"attack":1,"move":5,"recruit":2},"roads":1,"econ":0,"military":1,"units":7,"unsup":0,"res":{"iron":15,"oil":2,"wood":0,"food":4,"comp":0}}
{"round":6,"actions":{"attack":3,"move":7,"digin":1,"recruit":3},"roads":1,"econ":0,"military":1,"units":9,"unsup":0,"res":{"iron":25,"oil":2,"wood":0,"food":1,"comp":0}}
{"round":8,"actions":{"attack":5,"move":8,"digin":1,"recruit":1},"roads":1,"econ":0,"military":1,"units":12,"unsup":0,"res":{"iron":40,"oil":1,"wood":0,"food":0,"comp":0}}
{"round":10,"actions":{"move":9,"attack":1},"roads":1,"econ":0,"military":1,"units":13,"unsup":0,"res":{"iron":58,"oil":1,"wood":0,"food":0,"comp":0}}
{"round":12,"actions":{"move":9,"attack":1},"roads":1,"econ":0,"military":1,"units":13,"unsup":0,"res":{"iron":76,"oil":1,"wood":0,"food":0,"comp":0}}
{"round":14,"actions":{"move":9,"attack":1},"roads":1,"econ":0,"military":1,"units":13,"unsup":0,"res":{"iron":94,"oil":1,"wood":0,"food":0,"comp":0}}
{"round":16,"actions":{"move":9,"attack":1,"design":1},"roads":1,"econ":0,"military":1,"units":13,"unsup":0,"res":{"iron":107,"oil":1,"wood":0,"food":0,"comp":0}}
{"round":18,"actions":{"move":9,"attack":1},"roads":1,"econ":0,"military":1,"units":13,"unsup":0,"res":{"iron":125,"oil":1,"wood":0,"food":0,"comp":0}}
{"round":20,"actions":{"move":9,"attack":1,"digin":1},"roads":1,"econ":0,"military":1,"units":13,"unsup":0,"res":{"iron":143,"oil":1,"wood":0,"food":0,"comp":0}}
